<?xml version="1.0" encoding="UTF-8"?>
<testsuite xmlns:xsi="http://www.w3.org/2001/XMLSchema-instance" xsi:schemaLocation="https://maven.apache.org/surefire/maven-surefire-plugin/xsd/surefire-test-report.xsd" name="edu.matc.persistence.UserDaoTest" time="5.253" tests="9" errors="0" skipped="0" failures="2">
  <properties>
    <property name="idea.version" value="2020.3.2"/>
    <property name="java.runtime.name" value="Java(TM) SE Runtime Environment"/>
    <property name="java.vm.version" value="11.0.9+7-LTS"/>
    <property name="sun.boot.library.path" value="/Library/Java/JavaVirtualMachines/jdk-11.0.9.jdk/Contents/Home/lib"/>
    <property name="gopherProxySet" value="false"/>
    <property name="maven.multiModuleProjectDirectory" value="/Users/Tony/Documents/gitHubRepos/LabPal"/>
    <property name="java.vm.vendor" value="Oracle Corporation"/>
    <property name="java.vendor.url" value="https://openjdk.java.net/"/>
    <property name="guice.disable.misplaced.annotation.check" value="true"/>
    <property name="path.separator" value=":"/>
    <property name="java.vm.name" value="Java HotSpot(TM) 64-Bit Server VM"/>
    <property name="sun.os.patch.level" value="unknown"/>
    <property name="user.country" value="US"/>
    <property name="sun.java.launcher" value="SUN_STANDARD"/>
    <property name="java.vm.specification.name" value="Java Virtual Machine Specification"/>
    <property name="user.dir" value="/Users/Tony/Documents/gitHubRepos/LabPal"/>
    <property name="java.vm.compressedOopsMode" value="Zero based"/>
    <property name="java.runtime.version" value="11.0.9+7-LTS"/>
    <property name="java.awt.graphicsenv" value="sun.awt.CGraphicsEnvironment"/>
    <property name="os.arch" value="x86_64"/>
    <property name="java.io.tmpdir" value="/var/folders/_h/9lp882h97ql33ts5nb8r8mgm0000gq/T/"/>
    <property name="line.separator" value="&#10;"/>
    <property name="java.vm.specification.vendor" value="Oracle Corporation"/>
    <property name="os.name" value="Mac OS X"/>
    <property name="maven.ext.class.path" value="/Applications/IntelliJ IDEA.app/Contents/plugins/maven/lib/maven-event-listener.jar"/>
    <property name="classworlds.conf" value="/Applications/IntelliJ IDEA.app/Contents/plugins/maven/lib/maven3/bin/m2.conf"/>
    <property name="sun.jnu.encoding" value="UTF-8"/>
    <property name="java.library.path" value="/Users/Tony/Library/Java/Extensions:/Library/Java/Extensions:/Network/Library/Java/Extensions:/System/Library/Java/Extensions:/usr/lib/java:."/>
    <property name="maven.conf" value="/Applications/IntelliJ IDEA.app/Contents/plugins/maven/lib/maven3/conf"/>
    <property name="jdk.debug" value="release"/>
    <property name="java.class.version" value="55.0"/>
    <property name="java.specification.name" value="Java Platform API Specification"/>
    <property name="sun.management.compiler" value="HotSpot 64-Bit Tiered Compilers"/>
    <property name="os.version" value="10.16"/>
    <property name="http.nonProxyHosts" value="local|*.local|169.254/16|*.169.254/16"/>
    <property name="user.home" value="/Users/Tony"/>
    <property name="user.timezone" value="America/Chicago"/>
    <property name="java.awt.printerjob" value="sun.lwawt.macosx.CPrinterJob"/>
    <property name="file.encoding" value="UTF-8"/>
    <property name="java.specification.version" value="11"/>
    <property name="user.name" value="Tony"/>
    <property name="java.class.path" value="/Applications/IntelliJ IDEA.app/Contents/plugins/maven/lib/maven3/boot/plexus-classworlds.license:/Applications/IntelliJ IDEA.app/Contents/plugins/maven/lib/maven3/boot/plexus-classworlds-2.6.0.jar"/>
    <property name="java.vm.specification.version" value="11"/>
    <property name="sun.arch.data.model" value="64"/>
    <property name="sun.java.command" value="org.codehaus.classworlds.Launcher -Didea.version=2020.3.2 install"/>
    <property name="java.home" value="/Library/Java/JavaVirtualMachines/jdk-11.0.9.jdk/Contents/Home"/>
    <property name="user.language" value="en"/>
    <property name="java.specification.vendor" value="Oracle Corporation"/>
    <property name="awt.toolkit" value="sun.lwawt.macosx.LWCToolkit"/>
    <property name="java.vm.info" value="mixed mode"/>
    <property name="java.version" value="11.0.9"/>
    <property name="java.vendor" value="Oracle Corporation"/>
    <property name="maven.home" value="/Applications/IntelliJ IDEA.app/Contents/plugins/maven/lib/maven3"/>
    <property name="file.separator" value="/"/>
    <property name="java.version.date" value="2020-10-20"/>
    <property name="java.vendor.url.bug" value="https://bugreport.java.com/bugreport/"/>
    <property name="sun.io.unicode.encoding" value="UnicodeBig"/>
    <property name="sun.cpu.endian" value="little"/>
    <property name="java.vendor.version" value="18.9"/>
    <property name="socksNonProxyHosts" value="local|*.local|169.254/16|*.169.254/16"/>
    <property name="ftp.nonProxyHosts" value="local|*.local|169.254/16|*.169.254/16"/>
    <property name="sun.cpu.isalist" value=""/>
  </properties>
  <testcase name="deleteSuccess" classname="edu.matc.persistence.UserDaoTest" time="4.234"/>
  <testcase name="getByPropertyEqualSuccess" classname="edu.matc.persistence.UserDaoTest" time="0.279"/>
  <testcase name="getByPropertyLikeSuccess" classname="edu.matc.persistence.UserDaoTest" time="0.122"/>
  <testcase name="getByIdSuccess" classname="edu.matc.persistence.UserDaoTest" time="0.067"/>
  <testcase name="updateSuccess" classname="edu.matc.persistence.UserDaoTest" time="0.101"/>
  <testcase name="insertWithRoleSuccess" classname="edu.matc.persistence.UserDaoTest" time="0.15">
    <failure message="expected: edu.matc.entity.User@605eb072&lt;User(firstName=Fred, lastName=Flintstone, userName=fflintstone, id=63, dateOfBirth=1168-01-01, orders=[], roles=[Role{id=19, roleName=&apos;admin&apos;, userName= &apos;fflintstone&apos;}])&gt; but was: edu.matc.entity.User@59f3426f&lt;User(firstName=Fred, lastName=Flintstone, userName=fflintstone, id=63, dateOfBirth=1168-01-01, orders=[], roles=[Role{id=19, roleName=&apos;admin&apos;, userName= &apos;fflintstone&apos;}])&gt;" type="org.opentest4j.AssertionFailedError"><![CDATA[org.opentest4j.AssertionFailedError: expected: edu.matc.entity.User@605eb072<User(firstName=Fred, lastName=Flintstone, userName=fflintstone, id=63, dateOfBirth=1168-01-01, orders=[], roles=[Role{id=19, roleName='admin', userName= 'fflintstone'}])> but was: edu.matc.entity.User@59f3426f<User(firstName=Fred, lastName=Flintstone, userName=fflintstone, id=63, dateOfBirth=1168-01-01, orders=[], roles=[Role{id=19, roleName='admin', userName= 'fflintstone'}])>
	at edu.matc.persistence.UserDaoTest.insertWithRoleSuccess(UserDaoTest.java:88)
]]></failure>
  </testcase>
  <testcase name="getAllUsersSuccess" classname="edu.matc.persistence.UserDaoTest" time="0.121"/>
  <testcase name="insertWithOrderSuccess" classname="edu.matc.persistence.UserDaoTest" time="0.093">
    <failure message="expected: edu.matc.entity.User@716ae973&lt;User(firstName=Fred, lastName=Flintstone, userName=fflintstone, id=64, dateOfBirth=1168-01-01, orders=[Order{id=41, description=&apos;Order 1&apos;}], roles=[])&gt; but was: edu.matc.entity.User@445058e8&lt;User(firstName=Fred, lastName=Flintstone, userName=fflintstone, id=64, dateOfBirth=1168-01-01, orders=[Order{id=41, description=&apos;Order 1&apos;}], roles=[])&gt;" type="org.opentest4j.AssertionFailedError"><![CDATA[org.opentest4j.AssertionFailedError: expected: edu.matc.entity.User@716ae973<User(firstName=Fred, lastName=Flintstone, userName=fflintstone, id=64, dateOfBirth=1168-01-01, orders=[Order{id=41, description='Order 1'}], roles=[])> but was: edu.matc.entity.User@445058e8<User(firstName=Fred, lastName=Flintstone, userName=fflintstone, id=64, dateOfBirth=1168-01-01, orders=[Order{id=41, description='Order 1'}], roles=[])>
	at edu.matc.persistence.UserDaoTest.insertWithOrderSuccess(UserDaoTest.java:109)
]]></failure>
  </testcase>
  <testcase name="insertSuccess" classname="edu.matc.persistence.UserDaoTest" time="0.067"/>
</testsuite>